<?xml version="1.0" encoding="UTF-8"?>
<testsuite xmlns:xsi="http://www.w3.org/2001/XMLSchema-instance" xsi:noNamespaceSchemaLocation="https://maven.apache.org/surefire/maven-surefire-plugin/xsd/surefire-test-report-3.0.xsd" version="3.0" name="com.example.hoteladri.HoteladriApplicationTests" time="2.684" tests="1" errors="0" skipped="0" failures="0">
  <properties>
[...]
</properties>
  <testcase name="contextLoads" classname="com.example.hoteladri.HoteladriApplicationTests" time="0.285">
    <system-out><![CDATA[19:38:16.192 [main] INFO org.springframework.test.context.support.AnnotationConfigContextLoaderUtils -- Could not detect default configuration classes for test class [com.example.hoteladri.HoteladriApplicationTests]: HoteladriApplicationTests does not declare any static, non-private, non-final, nested classes annotated with @Configuration.
19:38:16.257 [main] INFO org.springframework.boot.test.context.SpringBootTestContextBootstrapper -- Found @SpringBootConfiguration com.example.hoteladri.HotelAdriApplication for test class com.example.hoteladri.HoteladriApplicationTests
19:38:16.345 [main] INFO org.springframework.boot.devtools.restart.RestartApplicationListener -- Restart disabled due to context in which it is running

  .   ____          _            __ _ _
 /\\ / ___'_ __ _ _(_)_ __  __ _ \ \ \ \
( ( )\___ | '_ | '_| | '_ \/ _` | \ \ \ \
 \\/  ___)| |_)| | | | | || (_| |  ) ) ) )
  '  |____| .__|_| |_|_| |_\__, | / / / /
 =========|_|==============|___/=/_/_/_/

 :: Spring Boot ::                (v3.3.3)

2024-08-25T19:38:16.478+02:00  INFO 216494 --- [hoteladri] [           main] c.e.hoteladri.HoteladriApplicationTests  : Starting HoteladriApplicationTests using Java 17.0.12 with PID 216494 (started by usuario in /home/usuario/Escritorio/proyectos/hotel-adri)
2024-08-25T19:38:16.479+02:00  INFO 216494 --- [hoteladri] [           main] c.e.hoteladri.HoteladriApplicationTests  : No active profile set, falling back to 1 default profile: "default"
2024-08-25T19:38:16.811+02:00  INFO 216494 --- [hoteladri] [           main] .s.d.r.c.RepositoryConfigurationDelegate : Bootstrapping Spring Data JPA repositories in DEFAULT mode.
2024-08-25T19:38:16.852+02:00  INFO 216494 --- [hoteladri] [           main] .s.d.r.c.RepositoryConfigurationDelegate : Finished Spring Data repository scanning in 32 ms. Found 5 JPA repository interfaces.
2024-08-25T19:38:17.149+02:00  INFO 216494 --- [hoteladri] [           main] o.hibernate.jpa.internal.util.LogHelper  : HHH000204: Processing PersistenceUnitInfo [name: default]
2024-08-25T19:38:17.178+02:00  INFO 216494 --- [hoteladri] [           main] org.hibernate.Version                    : HHH000412: Hibernate ORM core version 6.5.2.Final
2024-08-25T19:38:17.196+02:00  INFO 216494 --- [hoteladri] [           main] o.h.c.internal.RegionFactoryInitiator    : HHH000026: Second-level cache disabled
2024-08-25T19:38:17.365+02:00  INFO 216494 --- [hoteladri] [           main] o.s.o.j.p.SpringPersistenceUnitInfo      : No LoadTimeWeaver setup: ignoring JPA class transformer
2024-08-25T19:38:17.383+02:00  INFO 216494 --- [hoteladri] [           main] com.zaxxer.hikari.HikariDataSource       : HikariPool-1 - Starting...
2024-08-25T19:38:17.474+02:00  INFO 216494 --- [hoteladri] [           main] com.zaxxer.hikari.pool.HikariPool        : HikariPool-1 - Added connection com.mysql.cj.jdbc.ConnectionImpl@6ba6557e
2024-08-25T19:38:17.476+02:00  INFO 216494 --- [hoteladri] [           main] com.zaxxer.hikari.HikariDataSource       : HikariPool-1 - Start completed.
2024-08-25T19:38:17.500+02:00  WARN 216494 --- [hoteladri] [           main] org.hibernate.dialect.Dialect            : HHH000511: The 5.5.5 version for [org.hibernate.dialect.MySQLDialect] is no longer supported, hence certain features may not work properly. The minimum supported version is 8.0.0. Check the community dialects project for available legacy versions.
2024-08-25T19:38:17.502+02:00  WARN 216494 --- [hoteladri] [           main] org.hibernate.orm.deprecation            : HHH90000025: MySQLDialect does not need to be specified explicitly using 'hibernate.dialect' (remove the property setting and it will be selected by default)
2024-08-25T19:38:17.869+02:00  INFO 216494 --- [hoteladri] [           main] o.h.m.i.EntityInstantiatorPojoStandard   : HHH000182: No default (no-argument) constructor for class: com.example.hoteladri.model.Habitacion (class must be instantiated by Interceptor)
2024-08-25T19:38:17.892+02:00  INFO 216494 --- [hoteladri] [           main] o.h.m.i.EntityInstantiatorPojoStandard   : HHH000182: No default (no-argument) constructor for class: com.example.hoteladri.model.Reserva (class must be instantiated by Interceptor)
2024-08-25T19:38:17.900+02:00  INFO 216494 --- [hoteladri] [           main] o.h.m.i.EntityInstantiatorPojoStandard   : HHH000182: No default (no-argument) constructor for class: com.example.hoteladri.model.Cliente (class must be instantiated by Interceptor)
2024-08-25T19:38:17.907+02:00  INFO 216494 --- [hoteladri] [           main] o.h.m.i.EntityInstantiatorPojoStandard   : HHH000182: No default (no-argument) constructor for class: com.example.hoteladri.model.Administrador (class must be instantiated by Interceptor)
2024-08-25T19:38:17.913+02:00  INFO 216494 --- [hoteladri] [           main] o.h.m.i.EntityInstantiatorPojoStandard   : HHH000182: No default (no-argument) constructor for class: com.example.hoteladri.model.Pago (class must be instantiated by Interceptor)
2024-08-25T19:38:17.999+02:00  INFO 216494 --- [hoteladri] [           main] o.h.e.t.j.p.i.JtaPlatformInitiator       : HHH000489: No JTA platform available (set 'hibernate.transaction.jta.platform' to enable JTA platform integration)
Hibernate: create table cliente (id bigint not null auto_increment, apellido varchar(255), email varchar(255), nombre varchar(255), primary key (id)) engine=InnoDB
2024-08-25T19:38:18.038+02:00  INFO 216494 --- [hoteladri] [           main] j.LocalContainerEntityManagerFactoryBean : Initialized JPA EntityManagerFactory for persistence unit 'default'
2024-08-25T19:38:18.266+02:00  WARN 216494 --- [hoteladri] [           main] JpaBaseConfiguration$JpaWebConfiguration : spring.jpa.open-in-view is enabled by default. Therefore, database queries may be performed during view rendering. Explicitly configure spring.jpa.open-in-view to disable this warning
2024-08-25T19:38:18.490+02:00  INFO 216494 --- [hoteladri] [           main] c.e.hoteladri.HoteladriApplicationTests  : Started HoteladriApplicationTests in 2.153 seconds (process running for 2.712)
]]></system-out>
  </testcase>
</testsuite>